<?xml version="1.0" encoding="UTF-8"?>
<!-- Generated by org.testng.reporters.JUnitXMLReporter -->
<testsuite ignored="0" hostname="LAPTOP-D9L8LA8N" failures="0" tests="30" name="Default test" time="2.184" errors="0" timestamp="2024-06-22T13:22:08 IST">
  <testcase classname="stepdefin.TestLinkASteps" name="@BeforeMethod setUp" time="-1.719042725313E9">
    <failure type="org.testng.TestNGException" message="
Parameter &amp;apos;browser&amp;apos; is required by BeforeMethod on method setUp but has not been marked @Optional or defined
in C:\Users\LENOVO\AppData\Local\Temp\testng-eclipse-1942791299\testng-customsuite.xml">
      <![CDATA[org.testng.TestNGException: 
Parameter 'browser' is required by BeforeMethod on method setUp but has not been marked @Optional or defined
in C:\Users\LENOVO\AppData\Local\Temp\testng-eclipse-1942791299\testng-customsuite.xml
at org.testng.internal.Parameters.createParams(Parameters.java:270)
at org.testng.internal.Parameters.createParametersForMethod(Parameters.java:358)
at org.testng.internal.Parameters.createParameters(Parameters.java:700)
at org.testng.internal.Parameters.createConfigurationParameters(Parameters.java:168)
at org.testng.internal.ConfigInvoker.invokeConfigurations(ConfigInvoker.java:302)
at org.testng.internal.TestInvoker.runConfigMethods(TestInvoker.java:700)
at org.testng.internal.TestInvoker.invokeMethod(TestInvoker.java:527)
at org.testng.internal.TestInvoker.invokeTestMethod(TestInvoker.java:173)
at org.testng.internal.MethodRunner.runInSequence(MethodRunner.java:46)
at org.testng.internal.TestInvoker$MethodInvocationAgent.invoke(TestInvoker.java:824)
at org.testng.internal.TestInvoker.invokeTestMethods(TestInvoker.java:146)
at org.testng.internal.TestMethodWorker.invokeTestMethods(TestMethodWorker.java:146)
at org.testng.internal.TestMethodWorker.run(TestMethodWorker.java:128)
at java.base/java.util.ArrayList.forEach(ArrayList.java:1596)
at org.testng.TestRunner.privateRun(TestRunner.java:794)
at org.testng.TestRunner.run(TestRunner.java:596)
at org.testng.SuiteRunner.runTest(SuiteRunner.java:377)
at org.testng.SuiteRunner.runSequentially(SuiteRunner.java:371)
at org.testng.SuiteRunner.privateRun(SuiteRunner.java:332)
at org.testng.SuiteRunner.run(SuiteRunner.java:276)
at org.testng.SuiteRunnerWorker.runSuite(SuiteRunnerWorker.java:53)
at org.testng.SuiteRunnerWorker.run(SuiteRunnerWorker.java:96)
at org.testng.TestNG.runSuitesSequentially(TestNG.java:1212)
at org.testng.TestNG.runSuitesLocally(TestNG.java:1134)
at org.testng.TestNG.runSuites(TestNG.java:1063)
at org.testng.TestNG.run(TestNG.java:1031)
at org.testng.remote.AbstractRemoteTestNG.run(AbstractRemoteTestNG.java:115)
at org.testng.remote.RemoteTestNG.initAndRun(RemoteTestNG.java:293)
at org.testng.remote.RemoteTestNG.main(RemoteTestNG.java:91)
]]>
    </failure>
  </testcase> <!-- @BeforeMethod setUp -->
  <testcase classname="stepdefin.TestLinkASteps" name="@AfterMethod tearDown" time="-1.719042725439E9">
    <skipped/>
  </testcase> <!-- @AfterMethod tearDown -->
  <testcase classname="stepdefin.TestLinkASteps" name="@BeforeMethod setUp" time="-1.719042725448E9">
    <skipped/>
  </testcase> <!-- @BeforeMethod setUp -->
  <testcase classname="stepdefin.TestLinkASteps" name="@AfterMethod tearDown" time="-1.719042725484E9">
    <skipped/>
  </testcase> <!-- @AfterMethod tearDown -->
  <testcase classname="stepdefin.TestLinkASteps" name="@BeforeMethod setUp" time="-1.719042725504E9">
    <skipped/>
  </testcase> <!-- @BeforeMethod setUp -->
  <testcase classname="stepdefin.TestLinkASteps" name="@AfterMethod tearDown" time="-1.71904272554E9">
    <skipped/>
  </testcase> <!-- @AfterMethod tearDown -->
  <testcase classname="stepdefin.TestLinkASteps" name="@BeforeMethod setUp" time="-1.719042725567E9">
    <skipped/>
  </testcase> <!-- @BeforeMethod setUp -->
  <testcase classname="stepdefin.TestLinkASteps" name="@AfterMethod tearDown" time="-1.719042725647E9">
    <skipped/>
  </testcase> <!-- @AfterMethod tearDown -->
  <testcase classname="stepdefin.TestLinkASteps" name="@BeforeMethod setUp" time="-1.719042725682E9">
    <skipped/>
  </testcase> <!-- @BeforeMethod setUp -->
  <testcase classname="stepdefin.TestLinkASteps" name="@AfterMethod tearDown" time="-1.719042725736E9">
    <skipped/>
  </testcase> <!-- @AfterMethod tearDown -->
  <testcase classname="stepdefin.TestLinkASteps" name="@BeforeMethod setUp" time="-1.719042725743E9">
    <skipped/>
  </testcase> <!-- @BeforeMethod setUp -->
  <testcase classname="stepdefin.TestLinkASteps" name="@AfterMethod tearDown" time="-1.719042725793E9">
    <skipped/>
  </testcase> <!-- @AfterMethod tearDown -->
  <testcase classname="stepdefin.TestLinkASteps" name="@BeforeMethod setUp" time="-1.719042725817E9">
    <skipped/>
  </testcase> <!-- @BeforeMethod setUp -->
  <testcase classname="stepdefin.TestLinkASteps" name="@AfterMethod tearDown" time="-1.719042725846E9">
    <skipped/>
  </testcase> <!-- @AfterMethod tearDown -->
  <testcase classname="stepdefin.TestLinkASteps" name="@BeforeMethod setUp" time="-1.719042725869E9">
    <skipped/>
  </testcase> <!-- @BeforeMethod setUp -->
  <testcase classname="stepdefin.TestLinkASteps" name="@AfterMethod tearDown" time="-1.719042725898E9">
    <skipped/>
  </testcase> <!-- @AfterMethod tearDown -->
  <testcase classname="stepdefin.TestLinkASteps" name="@BeforeMethod setUp" time="-1.719042725909E9">
    <skipped/>
  </testcase> <!-- @BeforeMethod setUp -->
  <testcase classname="stepdefin.TestLinkASteps" name="@AfterMethod tearDown" time="-1.719042725957E9">
    <skipped/>
  </testcase> <!-- @AfterMethod tearDown -->
  <testcase classname="stepdefin.TestLinkASteps" name="@BeforeMethod setUp" time="-1.719042725975E9">
    <skipped/>
  </testcase> <!-- @BeforeMethod setUp -->
  <testcase classname="stepdefin.TestLinkASteps" name="@AfterMethod tearDown" time="-1.719042726026E9">
    <skipped/>
  </testcase> <!-- @AfterMethod tearDown -->
  <testcase classname="stepdefin.TestLinkASteps" name="@BeforeMethod setUp" time="-1.719042726046E9">
    <skipped/>
  </testcase> <!-- @BeforeMethod setUp -->
  <testcase classname="stepdefin.TestLinkASteps" name="@AfterMethod tearDown" time="-1.719042726084E9">
    <skipped/>
  </testcase> <!-- @AfterMethod tearDown -->
  <testcase classname="stepdefin.TestLinkASteps" name="@BeforeMethod setUp" time="-1.719042726099E9">
    <skipped/>
  </testcase> <!-- @BeforeMethod setUp -->
  <testcase classname="stepdefin.TestLinkASteps" name="@AfterMethod tearDown" time="-1.719042726142E9">
    <skipped/>
  </testcase> <!-- @AfterMethod tearDown -->
  <testcase classname="stepdefin.TestLinkASteps" name="@BeforeMethod setUp" time="-1.719042726148E9">
    <skipped/>
  </testcase> <!-- @BeforeMethod setUp -->
  <testcase classname="stepdefin.TestLinkASteps" name="@AfterMethod tearDown" time="-1.719042726181E9">
    <skipped/>
  </testcase> <!-- @AfterMethod tearDown -->
  <testcase classname="stepdefin.TestLinkASteps" name="@BeforeMethod setUp" time="-1.719042726197E9">
    <skipped/>
  </testcase> <!-- @BeforeMethod setUp -->
  <testcase classname="stepdefin.TestLinkASteps" name="@AfterMethod tearDown" time="-1.719042726229E9">
    <skipped/>
  </testcase> <!-- @AfterMethod tearDown -->
  <testcase classname="stepdefin.TestLinkASteps" name="@BeforeMethod setUp" time="-1.719042726259E9">
    <skipped/>
  </testcase> <!-- @BeforeMethod setUp -->
  <testcase classname="stepdefin.TestLinkASteps" name="@AfterMethod tearDown" time="-1.719042726292E9">
    <skipped/>
  </testcase> <!-- @AfterMethod tearDown -->
  <testcase classname="stepdefin.TestLinkASteps" name="@BeforeMethod setUp" time="-1.719042726306E9">
    <skipped/>
  </testcase> <!-- @BeforeMethod setUp -->
  <testcase classname="stepdefin.TestLinkASteps" name="@AfterMethod tearDown" time="-1.719042726344E9">
    <skipped/>
  </testcase> <!-- @AfterMethod tearDown -->
  <testcase classname="stepdefin.TestLinkASteps" name="@BeforeMethod setUp" time="-1.719042726358E9">
    <skipped/>
  </testcase> <!-- @BeforeMethod setUp -->
  <testcase classname="stepdefin.TestLinkASteps" name="@AfterMethod tearDown" time="-1.719042726394E9">
    <skipped/>
  </testcase> <!-- @AfterMethod tearDown -->
  <testcase classname="stepdefin.TestLinkASteps" name="@BeforeMethod setUp" time="-1.71904272641E9">
    <skipped/>
  </testcase> <!-- @BeforeMethod setUp -->
  <testcase classname="stepdefin.TestLinkASteps" name="@AfterMethod tearDown" time="-1.719042726442E9">
    <skipped/>
  </testcase> <!-- @AfterMethod tearDown -->
  <testcase classname="stepdefin.TestLinkASteps" name="@BeforeMethod setUp" time="-1.719042726453E9">
    <skipped/>
  </testcase> <!-- @BeforeMethod setUp -->
  <testcase classname="stepdefin.TestLinkASteps" name="@AfterMethod tearDown" time="-1.719042726461E9">
    <skipped/>
  </testcase> <!-- @AfterMethod tearDown -->
  <testcase classname="stepdefin.TestLinkASteps" name="@BeforeMethod setUp" time="-1.719042726467E9">
    <skipped/>
  </testcase> <!-- @BeforeMethod setUp -->
  <testcase classname="stepdefin.TestLinkASteps" name="@AfterMethod tearDown" time="-1.719042726479E9">
    <skipped/>
  </testcase> <!-- @AfterMethod tearDown -->
  <testcase classname="stepdefin.TestLinkASteps" name="@BeforeMethod setUp" time="-1.719042726484E9">
    <skipped/>
  </testcase> <!-- @BeforeMethod setUp -->
  <testcase classname="stepdefin.TestLinkASteps" name="@AfterMethod tearDown" time="-1.719042726599E9">
    <skipped/>
  </testcase> <!-- @AfterMethod tearDown -->
  <testcase classname="stepdefin.TestLinkASteps" name="@BeforeMethod setUp" time="-1.719042726628E9">
    <skipped/>
  </testcase> <!-- @BeforeMethod setUp -->
  <testcase classname="stepdefin.TestLinkASteps" name="@AfterMethod tearDown" time="-1.719042726672E9">
    <skipped/>
  </testcase> <!-- @AfterMethod tearDown -->
  <testcase classname="stepdefin.TestLinkASteps" name="@BeforeMethod setUp" time="-1.719042726677E9">
    <skipped/>
  </testcase> <!-- @BeforeMethod setUp -->
  <testcase classname="stepdefin.TestLinkASteps" name="@AfterMethod tearDown" time="-1.719042726712E9">
    <skipped/>
  </testcase> <!-- @AfterMethod tearDown -->
  <testcase classname="stepdefin.TestLinkASteps" name="@BeforeMethod setUp" time="-1.719042726728E9">
    <skipped/>
  </testcase> <!-- @BeforeMethod setUp -->
  <testcase classname="stepdefin.TestLinkASteps" name="@AfterMethod tearDown" time="-1.719042726804E9">
    <skipped/>
  </testcase> <!-- @AfterMethod tearDown -->
  <testcase classname="stepdefin.TestLinkASteps" name="@BeforeMethod setUp" time="-1.719042726827E9">
    <skipped/>
  </testcase> <!-- @BeforeMethod setUp -->
  <testcase classname="stepdefin.TestLinkASteps" name="@AfterMethod tearDown" time="-1.719042726872E9">
    <skipped/>
  </testcase> <!-- @AfterMethod tearDown -->
  <testcase classname="stepdefin.TestLinkASteps" name="@BeforeMethod setUp" time="-1.719042726888E9">
    <skipped/>
  </testcase> <!-- @BeforeMethod setUp -->
  <testcase classname="stepdefin.TestLinkASteps" name="@AfterMethod tearDown" time="-1.719042726974E9">
    <skipped/>
  </testcase> <!-- @AfterMethod tearDown -->
  <testcase classname="stepdefin.TestLinkASteps" name="@BeforeMethod setUp" time="-1.719042726994E9">
    <skipped/>
  </testcase> <!-- @BeforeMethod setUp -->
  <testcase classname="stepdefin.TestLinkASteps" name="@AfterMethod tearDown" time="-1.719042727042E9">
    <skipped/>
  </testcase> <!-- @AfterMethod tearDown -->
  <testcase classname="stepdefin.TestLinkASteps" name="@BeforeMethod setUp" time="-1.719042727056E9">
    <skipped/>
  </testcase> <!-- @BeforeMethod setUp -->
  <testcase classname="stepdefin.TestLinkASteps" name="@AfterMethod tearDown" time="-1.719042727132E9">
    <skipped/>
  </testcase> <!-- @AfterMethod tearDown -->
  <testcase classname="stepdefin.TestLinkASteps" name="@BeforeMethod setUp" time="-1.719042727148E9">
    <skipped/>
  </testcase> <!-- @BeforeMethod setUp -->
  <testcase classname="stepdefin.TestLinkASteps" name="@AfterMethod tearDown" time="-1.719042727211E9">
    <skipped/>
  </testcase> <!-- @AfterMethod tearDown -->
  <testcase classname="stepdefin.TestLinkASteps" name="@BeforeMethod setUp" time="-1.719042727238E9">
    <skipped/>
  </testcase> <!-- @BeforeMethod setUp -->
  <testcase classname="stepdefin.TestLinkASteps" name="@AfterMethod tearDown" time="-1.719042727302E9">
    <skipped/>
  </testcase> <!-- @AfterMethod tearDown -->
  <testcase classname="stepdefin.TestLinkASteps" name="testLinkA" time="0.0">
    <skipped/>
  </testcase> <!-- testLinkA -->
  <testcase classname="stepdefin.TestLinkASteps" name="testLinkA" time="0.0">
    <skipped/>
  </testcase> <!-- testLinkA -->
  <testcase classname="stepdefin.TestLinkASteps" name="testLinkA" time="0.0">
    <skipped/>
  </testcase> <!-- testLinkA -->
  <testcase classname="stepdefin.TestLinkASteps" name="testLinkA" time="0.0">
    <skipped/>
  </testcase> <!-- testLinkA -->
  <testcase classname="stepdefin.TestLinkASteps" name="testLinkA" time="0.0">
    <skipped/>
  </testcase> <!-- testLinkA -->
  <testcase classname="stepdefin.TestLinkASteps" name="testLinkA" time="0.0">
    <skipped/>
  </testcase> <!-- testLinkA -->
  <testcase classname="stepdefin.TestLinkASteps" name="testLinkB" time="0.0">
    <skipped/>
  </testcase> <!-- testLinkB -->
  <testcase classname="stepdefin.TestLinkASteps" name="testLinkB" time="0.0">
    <skipped/>
  </testcase> <!-- testLinkB -->
  <testcase classname="stepdefin.TestLinkASteps" name="testLinkB" time="0.0">
    <skipped/>
  </testcase> <!-- testLinkB -->
  <testcase classname="stepdefin.TestLinkASteps" name="testLinkB" time="0.0">
    <skipped/>
  </testcase> <!-- testLinkB -->
  <testcase classname="stepdefin.TestLinkASteps" name="testLinkB" time="0.0">
    <skipped/>
  </testcase> <!-- testLinkB -->
  <testcase classname="stepdefin.TestLinkASteps" name="testLinkB" time="0.0">
    <skipped/>
  </testcase> <!-- testLinkB -->
  <testcase classname="stepdefin.TestLinkASteps" name="testLinkC" time="0.0">
    <skipped/>
  </testcase> <!-- testLinkC -->
  <testcase classname="stepdefin.TestLinkASteps" name="testLinkC" time="0.0">
    <skipped/>
  </testcase> <!-- testLinkC -->
  <testcase classname="stepdefin.TestLinkASteps" name="testLinkC" time="0.0">
    <skipped/>
  </testcase> <!-- testLinkC -->
  <testcase classname="stepdefin.TestLinkASteps" name="testLinkC" time="0.0">
    <skipped/>
  </testcase> <!-- testLinkC -->
  <testcase classname="stepdefin.TestLinkASteps" name="testLinkC" time="0.0">
    <skipped/>
  </testcase> <!-- testLinkC -->
  <testcase classname="stepdefin.TestLinkASteps" name="testLinkC" time="0.0">
    <skipped/>
  </testcase> <!-- testLinkC -->
  <testcase classname="stepdefin.TestLinkASteps" name="testLinkD" time="0.0">
    <skipped/>
  </testcase> <!-- testLinkD -->
  <testcase classname="stepdefin.TestLinkASteps" name="testLinkD" time="0.0">
    <skipped/>
  </testcase> <!-- testLinkD -->
  <testcase classname="stepdefin.TestLinkASteps" name="testLinkD" time="0.0">
    <skipped/>
  </testcase> <!-- testLinkD -->
  <testcase classname="stepdefin.TestLinkASteps" name="testLinkD" time="0.0">
    <skipped/>
  </testcase> <!-- testLinkD -->
  <testcase classname="stepdefin.TestLinkASteps" name="testLinkD" time="0.0">
    <skipped/>
  </testcase> <!-- testLinkD -->
  <testcase classname="stepdefin.TestLinkASteps" name="testLinkD" time="0.0">
    <skipped/>
  </testcase> <!-- testLinkD -->
  <testcase classname="stepdefin.TestLinkASteps" name="testLinkE" time="0.0">
    <skipped/>
  </testcase> <!-- testLinkE -->
  <testcase classname="stepdefin.TestLinkASteps" name="testLinkE" time="0.0">
    <skipped/>
  </testcase> <!-- testLinkE -->
  <testcase classname="stepdefin.TestLinkASteps" name="testLinkE" time="0.0">
    <skipped/>
  </testcase> <!-- testLinkE -->
  <testcase classname="stepdefin.TestLinkASteps" name="testLinkE" time="0.0">
    <skipped/>
  </testcase> <!-- testLinkE -->
  <testcase classname="stepdefin.TestLinkASteps" name="testLinkE" time="0.0">
    <skipped/>
  </testcase> <!-- testLinkE -->
  <testcase classname="stepdefin.TestLinkASteps" name="testLinkE" time="0.0">
    <skipped/>
  </testcase> <!-- testLinkE -->
</testsuite> <!-- Default test -->
