<?xml version="1.0" encoding="UTF-8"?>
<!-- Generated by org.testng.reporters.JUnitXMLReporter -->
<testsuite ignored="0" hostname="LAPTOP-D9L8LA8N" failures="0" tests="4" name="AddToCartSteps" time="30.784" errors="0" timestamp="2024-05-23T14:48:58 IST">
  <testcase classname="stepdefin.AddToCartSteps" name="testAddToCart" time="0.347"/>
  <testcase classname="stepdefin.AddToCartSteps" name="testLogin" time="4.983"/>
  <testcase classname="stepdefin.AddToCartSteps" name="testSearch" time="1.845"/>
  <testcase classname="stepdefin.AddToCartSteps" name="testShoppingCartIcon" time="1.619"/>
</testsuite> <!-- AddToCartSteps -->
