<?xml version="1.0" encoding="UTF-8"?>
<!-- Generated by org.testng.reporters.JUnitXMLReporter -->
<testsuite ignored="0" hostname="LAPTOP-D9L8LA8N" failures="0" tests="30" name="FirefoxTest" time="2040.328" errors="0" timestamp="2024-06-22T16:44:10 IST">
  <testcase classname="stepdefin.TestLinkASteps" name="testLinkA" time="56.098"/>
  <testcase classname="stepdefin.TestLinkASteps" name="testLinkA" time="42.628"/>
  <testcase classname="stepdefin.TestLinkASteps" name="testLinkA" time="41.714"/>
  <testcase classname="stepdefin.TestLinkASteps" name="testLinkA" time="30.295"/>
  <testcase classname="stepdefin.TestLinkASteps" name="testLinkA" time="28.057"/>
  <testcase classname="stepdefin.TestLinkASteps" name="testLinkA" time="28.794"/>
  <testcase classname="stepdefin.TestLinkASteps" name="testLinkB" time="79.392"/>
  <testcase classname="stepdefin.TestLinkASteps" name="testLinkB" time="79.08"/>
  <testcase classname="stepdefin.TestLinkASteps" name="testLinkB" time="77.016"/>
  <testcase classname="stepdefin.TestLinkASteps" name="testLinkB" time="76.084"/>
  <testcase classname="stepdefin.TestLinkASteps" name="testLinkB" time="72.092"/>
  <testcase classname="stepdefin.TestLinkASteps" name="testLinkB" time="74.127"/>
  <testcase classname="stepdefin.TestLinkASteps" name="testLinkC" time="15.875"/>
  <testcase classname="stepdefin.TestLinkASteps" name="testLinkC" time="73.617"/>
  <testcase classname="stepdefin.TestLinkASteps" name="testLinkC" time="94.404"/>
  <testcase classname="stepdefin.TestLinkASteps" name="testLinkC" time="9.278"/>
  <testcase classname="stepdefin.TestLinkASteps" name="testLinkC" time="11.601"/>
  <testcase classname="stepdefin.TestLinkASteps" name="testLinkC" time="10.906"/>
  <testcase classname="stepdefin.TestLinkASteps" name="testLinkD" time="19.961"/>
  <testcase classname="stepdefin.TestLinkASteps" name="testLinkD" time="13.663"/>
  <testcase classname="stepdefin.TestLinkASteps" name="testLinkD" time="11.636"/>
  <testcase classname="stepdefin.TestLinkASteps" name="testLinkD" time="11.462"/>
  <testcase classname="stepdefin.TestLinkASteps" name="testLinkD" time="12.558"/>
  <testcase classname="stepdefin.TestLinkASteps" name="testLinkD" time="13.391"/>
  <testcase classname="stepdefin.TestLinkASteps" name="testLinkE" time="20.139"/>
  <testcase classname="stepdefin.TestLinkASteps" name="testLinkE" time="36.035"/>
  <testcase classname="stepdefin.TestLinkASteps" name="testLinkE" time="17.062"/>
  <testcase classname="stepdefin.TestLinkASteps" name="testLinkE" time="17.818"/>
  <testcase classname="stepdefin.TestLinkASteps" name="testLinkE" time="13.773"/>
  <testcase classname="stepdefin.TestLinkASteps" name="testLinkE" time="14.747"/>
</testsuite> <!-- FirefoxTest -->
