<?xml version="1.0" encoding="UTF-8"?>
<!-- Generated by org.testng.reporters.JUnitXMLReporter -->
<testsuite ignored="0" hostname="LAPTOP-D9L8LA8N" failures="0" tests="3" name="ForgotPwdSteps" time="32.789" errors="0" timestamp="2024-05-23T14:46:31 IST">
  <testcase classname="stepdefin.ForgotPwdSteps" name="testForgottenPassword" time="4.828"/>
  <testcase classname="stepdefin.ForgotPwdSteps" name="testForgottenPassword" time="4.118"/>
  <testcase classname="stepdefin.ForgotPwdSteps" name="testForgottenPassword" time="4.078"/>
</testsuite> <!-- ForgotPwdSteps -->
