<?xml version="1.0" encoding="UTF-8"?>
<!-- Generated by org.testng.reporters.JUnitXMLReporter -->
<testsuite ignored="0" hostname="LAPTOP-D9L8LA8N" failures="0" tests="6" name="LoginSteps" time="61.735" errors="0" timestamp="2024-05-23T14:45:58 IST">
  <testcase classname="stepdefin.LoginSteps" name="loginTest" time="7.492"/>
  <testcase classname="stepdefin.LoginSteps" name="loginTest" time="6.743"/>
  <testcase classname="stepdefin.LoginSteps" name="loginTest" time="6.825"/>
  <testcase classname="stepdefin.LoginSteps" name="loginTest" time="6.662"/>
  <testcase classname="stepdefin.LoginSteps" name="loginTest" time="5.802"/>
  <testcase classname="stepdefin.LoginSteps" name="loginTest" time="6.63"/>
</testsuite> <!-- LoginSteps -->
