<?xml version="1.0" encoding="UTF-8"?>
<!-- Generated by org.testng.reporters.JUnitXMLReporter -->
<testsuite ignored="0" hostname="LAPTOP-D9L8LA8N" failures="0" tests="4" name="MyAccountSteps" time="23.05" errors="0" timestamp="2024-05-23T14:50:49 IST">
  <testcase classname="stepdefin.MyAccountSteps" name="testClicks" time="0.372"/>
  <testcase classname="stepdefin.MyAccountSteps" name="testClicks" time="1.442"/>
  <testcase classname="stepdefin.MyAccountSteps" name="testClicks" time="1.484"/>
  <testcase classname="stepdefin.MyAccountSteps" name="testClicks" time="1.323"/>
</testsuite> <!-- MyAccountSteps -->
