<?xml version="1.0" encoding="UTF-8"?>
<!-- Generated by org.testng.reporters.JUnitXMLReporter -->
<testsuite ignored="0" hostname="LAPTOP-D9L8LA8N" failures="0" tests="14" name="RegistrationSteps" time="148.216" errors="0" timestamp="2024-05-23T14:44:57 IST">
  <testcase classname="stepdefin.RegistrationSteps" name="testRegistration" time="17.011"/>
  <testcase classname="stepdefin.RegistrationSteps" name="testRegistration" time="8.426"/>
  <testcase classname="stepdefin.RegistrationSteps" name="testRegistration" time="6.405"/>
  <testcase classname="stepdefin.RegistrationSteps" name="testRegistration" time="6.722"/>
  <testcase classname="stepdefin.RegistrationSteps" name="testRegistration" time="6.144"/>
  <testcase classname="stepdefin.RegistrationSteps" name="testRegistration" time="5.91"/>
  <testcase classname="stepdefin.RegistrationSteps" name="testRegistration" time="6.386"/>
  <testcase classname="stepdefin.RegistrationSteps" name="testRegistration" time="6.46"/>
  <testcase classname="stepdefin.RegistrationSteps" name="testRegistration" time="5.966"/>
  <testcase classname="stepdefin.RegistrationSteps" name="testRegistration" time="5.601"/>
  <testcase classname="stepdefin.RegistrationSteps" name="testRegistration" time="7.781"/>
  <testcase classname="stepdefin.RegistrationSteps" name="testRegistration" time="8.33"/>
  <testcase classname="stepdefin.RegistrationSteps" name="testRegistration" time="6.063"/>
  <testcase classname="stepdefin.RegistrationSteps" name="testRegistration" time="15.738"/>
</testsuite> <!-- RegistrationSteps -->
