<?xml version="1.0" encoding="UTF-8"?>
<!-- Generated by org.testng.reporters.JUnitXMLReporter -->
<testsuite ignored="0" hostname="LAPTOP-D9L8LA8N" failures="0" tests="5" name="SearchBarSteps" time="29.754" errors="0" timestamp="2024-05-23T14:47:30 IST">
  <testcase classname="stepdefin.SearchBarSteps" name="testSearch" time="2.763"/>
  <testcase classname="stepdefin.SearchBarSteps" name="testSearch" time="1.697"/>
  <testcase classname="stepdefin.SearchBarSteps" name="testSearch" time="1.744"/>
  <testcase classname="stepdefin.SearchBarSteps" name="testSearch" time="2.143"/>
  <testcase classname="stepdefin.SearchBarSteps" name="testSearch" time="1.803"/>
</testsuite> <!-- SearchBarSteps -->
