<?xml version="1.0" encoding="UTF-8"?>
<!-- Generated by org.testng.reporters.JUnitXMLReporter -->
<testsuite ignored="0" hostname="LAPTOP-D9L8LA8N" failures="0" tests="5" name="TestLinkASteps" time="683.819" errors="0" timestamp="2024-06-21T18:32:22 IST">
  <testcase classname="stepdefin.TestLinkASteps" name="testLinkA" time="192.056"/>
  <testcase classname="stepdefin.TestLinkASteps" name="testLinkB" time="196.506"/>
  <testcase classname="stepdefin.TestLinkASteps" name="testLinkC" time="60.527"/>
  <testcase classname="stepdefin.TestLinkASteps" name="testLinkD" time="68.691"/>
  <testcase classname="stepdefin.TestLinkASteps" name="testLinkE" time="81.561"/>
</testsuite> <!-- TestLinkASteps -->
