<?xml version="1.0" encoding="UTF-8"?>
<!-- Generated by org.testng.reporters.JUnitXMLReporter -->
<testsuite ignored="0" hostname="LAPTOP-D9L8LA8N" failures="0" tests="20" name="Test" time="169.565" errors="0" timestamp="2024-05-19T08:26:40 IST">
  <testcase classname="stepdefin.LoginSteps" name="loginTest" time="8.934"/>
  <testcase classname="stepdefin.LoginSteps" name="loginTest" time="10.569"/>
  <testcase classname="stepdefin.RegistrationSteps" name="testRegistration" time="16.911"/>
  <testcase classname="stepdefin.LoginSteps" name="loginTest" time="7.613"/>
  <testcase classname="stepdefin.LoginSteps" name="loginTest" time="7.454"/>
  <testcase classname="stepdefin.RegistrationSteps" name="testRegistration" time="12.227"/>
  <testcase classname="stepdefin.LoginSteps" name="loginTest" time="8.624"/>
  <testcase classname="stepdefin.RegistrationSteps" name="testRegistration" time="12.036"/>
  <testcase classname="stepdefin.LoginSteps" name="loginTest" time="5.788"/>
  <testcase classname="stepdefin.RegistrationSteps" name="testRegistration" time="10.083"/>
  <testcase classname="stepdefin.RegistrationSteps" name="testRegistration" time="8.487"/>
  <testcase classname="stepdefin.RegistrationSteps" name="testRegistration" time="8.33"/>
  <testcase classname="stepdefin.RegistrationSteps" name="testRegistration" time="8.844"/>
  <testcase classname="stepdefin.RegistrationSteps" name="testRegistration" time="8.699"/>
  <testcase classname="stepdefin.RegistrationSteps" name="testRegistration" time="8.728"/>
  <testcase classname="stepdefin.RegistrationSteps" name="testRegistration" time="8.466"/>
  <testcase classname="stepdefin.RegistrationSteps" name="testRegistration" time="8.37"/>
  <testcase classname="stepdefin.RegistrationSteps" name="testRegistration" time="8.013"/>
  <testcase classname="stepdefin.RegistrationSteps" name="testRegistration" time="7.144"/>
  <testcase classname="stepdefin.RegistrationSteps" name="testRegistration" time="6.397"/>
</testsuite> <!-- Test -->
